This is pdfTeX, Version 3.141592653-2.6-1.40.25 (TeX Live 2023) (preloaded format=pdflatex 2023.9.21)  21 SEP 2023 15:08
entering extended mode
 restricted \write18 enabled.
 %&-line parsing enabled.
**Mitschrift.tex
(./Mitschrift.tex
LaTeX2e <2023-06-01> patch level 1
L3 programming layer <2023-08-29>
(/home/ubuntu/.TinyTeX/texmf-dist/tex/latex/base/article.cls
Document Class: article 2023/05/17 v1.4n Standard LaTeX document class
(/home/ubuntu/.TinyTeX/texmf-dist/tex/latex/base/size10.clo
File: size10.clo 2023/05/17 v1.4n Standard LaTeX file (size option)
)
\c@part=\count185
\c@section=\count186
\c@subsection=\count187
\c@subsubsection=\count188
\c@paragraph=\count189
\c@subparagraph=\count190
\c@figure=\count191
\c@table=\count192
\abovecaptionskip=\skip48
\belowcaptionskip=\skip49
\bibindent=\dimen140
) (/home/ubuntu/.TinyTeX/texmf-dist/tex/latex/amsmath/amsmath.sty
Package: amsmath 2023/05/13 v2.17o AMS math features
\@mathmargin=\skip50
For additional information on amsmath, use the `?' option.
(/home/ubuntu/.TinyTeX/texmf-dist/tex/latex/amsmath/amstext.sty
Package: amstext 2021/08/26 v2.01 AMS text
(/home/ubuntu/.TinyTeX/texmf-dist/tex/latex/amsmath/amsgen.sty
File: amsgen.sty 1999/11/30 v2.0 generic functions
\@emptytoks=\toks17
\ex@=\dimen141
)) (/home/ubuntu/.TinyTeX/texmf-dist/tex/latex/amsmath/amsbsy.sty
Package: amsbsy 1999/11/29 v1.2d Bold Symbols
\pmbraise@=\dimen142
) (/home/ubuntu/.TinyTeX/texmf-dist/tex/latex/amsmath/amsopn.sty
Package: amsopn 2022/04/08 v2.04 operator names
)
\inf@bad=\count193
LaTeX Info: Redefining \frac on input line 234.
\uproot@=\count194
\leftroot@=\count195
LaTeX Info: Redefining \overline on input line 399.
LaTeX Info: Redefining \colon on input line 410.
\classnum@=\count196
\DOTSCASE@=\count197
LaTeX Info: Redefining \ldots on input line 496.
LaTeX Info: Redefining \dots on input line 499.
LaTeX Info: Redefining \cdots on input line 620.
\Mathstrutbox@=\box51
\strutbox@=\box52
LaTeX Info: Redefining \big on input line 722.
LaTeX Info: Redefining \Big on input line 723.
LaTeX Info: Redefining \bigg on input line 724.
LaTeX Info: Redefining \Bigg on input line 725.
\big@size=\dimen143
LaTeX Font Info:    Redeclaring font encoding OML on input line 743.
LaTeX Font Info:    Redeclaring font encoding OMS on input line 744.
\macc@depth=\count198
LaTeX Info: Redefining \bmod on input line 905.
LaTeX Info: Redefining \pmod on input line 910.
LaTeX Info: Redefining \smash on input line 940.
LaTeX Info: Redefining \relbar on input line 970.
LaTeX Info: Redefining \Relbar on input line 971.
\c@MaxMatrixCols=\count199
\dotsspace@=\muskip16
\c@parentequation=\count266
\dspbrk@lvl=\count267
\tag@help=\toks18
\row@=\count268
\column@=\count269
\maxfields@=\count270
\andhelp@=\toks19
\eqnshift@=\dimen144
\alignsep@=\dimen145
\tagshift@=\dimen146
\tagwidth@=\dimen147
\totwidth@=\dimen148
\lineht@=\dimen149
\@envbody=\toks20
\multlinegap=\skip51
\multlinetaggap=\skip52
\mathdisplay@stack=\toks21
LaTeX Info: Redefining \[ on input line 2953.
LaTeX Info: Redefining \] on input line 2954.
) (/home/ubuntu/.TinyTeX/texmf-dist/tex/latex/amsfonts/amssymb.sty
Package: amssymb 2013/01/14 v3.01 AMS font symbols
(/home/ubuntu/.TinyTeX/texmf-dist/tex/latex/amsfonts/amsfonts.sty
Package: amsfonts 2013/01/14 v3.01 Basic AMSFonts support
\symAMSa=\mathgroup4
\symAMSb=\mathgroup5
LaTeX Font Info:    Redeclaring math symbol \hbar on input line 98.
LaTeX Font Info:    Overwriting math alphabet `\mathfrak' in version `bold'
(Font)                  U/euf/m/n --> U/euf/b/n on input line 106.
)) (/home/ubuntu/.TinyTeX/texmf-dist/tex/generic/iftex/iftex.sty
Package: iftex 2022/02/03 v1.0f TeX engine tests
) (/home/ubuntu/.TinyTeX/texmf-dist/tex/latex/base/fontenc.sty
Package: fontenc 2021/04/29 v2.0v Standard LaTeX package
) (/home/ubuntu/.TinyTeX/texmf-dist/tex/latex/base/inputenc.sty
Package: inputenc 2021/02/14 v1.3d Input encoding file
\inpenc@prehook=\toks22
\inpenc@posthook=\toks23
) (/home/ubuntu/.TinyTeX/texmf-dist/tex/latex/base/textcomp.sty
Package: textcomp 2020/02/02 v2.0n Standard LaTeX package
) (/home/ubuntu/.TinyTeX/texmf-dist/tex/latex/lm/lmodern.sty
Package: lmodern 2015/05/01 v1.6.1 Latin Modern Fonts
LaTeX Font Info:    Overwriting symbol font `operators' in version `normal'
(Font)                  OT1/cmr/m/n --> OT1/lmr/m/n on input line 22.
LaTeX Font Info:    Overwriting symbol font `letters' in version `normal'
(Font)                  OML/cmm/m/it --> OML/lmm/m/it on input line 23.
LaTeX Font Info:    Overwriting symbol font `symbols' in version `normal'
(Font)                  OMS/cmsy/m/n --> OMS/lmsy/m/n on input line 24.
LaTeX Font Info:    Overwriting symbol font `largesymbols' in version `normal'
(Font)                  OMX/cmex/m/n --> OMX/lmex/m/n on input line 25.
LaTeX Font Info:    Overwriting symbol font `operators' in version `bold'
(Font)                  OT1/cmr/bx/n --> OT1/lmr/bx/n on input line 26.
LaTeX Font Info:    Overwriting symbol font `letters' in version `bold'
(Font)                  OML/cmm/b/it --> OML/lmm/b/it on input line 27.
LaTeX Font Info:    Overwriting symbol font `symbols' in version `bold'
(Font)                  OMS/cmsy/b/n --> OMS/lmsy/b/n on input line 28.
LaTeX Font Info:    Overwriting symbol font `largesymbols' in version `bold'
(Font)                  OMX/cmex/m/n --> OMX/lmex/m/n on input line 29.
LaTeX Font Info:    Overwriting math alphabet `\mathbf' in version `normal'
(Font)                  OT1/cmr/bx/n --> OT1/lmr/bx/n on input line 31.
LaTeX Font Info:    Overwriting math alphabet `\mathsf' in version `normal'
(Font)                  OT1/cmss/m/n --> OT1/lmss/m/n on input line 32.
LaTeX Font Info:    Overwriting math alphabet `\mathit' in version `normal'
(Font)                  OT1/cmr/m/it --> OT1/lmr/m/it on input line 33.
LaTeX Font Info:    Overwriting math alphabet `\mathtt' in version `normal'
(Font)                  OT1/cmtt/m/n --> OT1/lmtt/m/n on input line 34.
LaTeX Font Info:    Overwriting math alphabet `\mathbf' in version `bold'
(Font)                  OT1/cmr/bx/n --> OT1/lmr/bx/n on input line 35.
LaTeX Font Info:    Overwriting math alphabet `\mathsf' in version `bold'
(Font)                  OT1/cmss/bx/n --> OT1/lmss/bx/n on input line 36.
LaTeX Font Info:    Overwriting math alphabet `\mathit' in version `bold'
(Font)                  OT1/cmr/bx/it --> OT1/lmr/bx/it on input line 37.
LaTeX Font Info:    Overwriting math alphabet `\mathtt' in version `bold'
(Font)                  OT1/cmtt/m/n --> OT1/lmtt/m/n on input line 38.
) (/home/ubuntu/.TinyTeX/texmf-dist/tex/latex/xcolor/xcolor.sty
Package: xcolor 2022/06/12 v2.14 LaTeX color extensions (UK)
(/home/ubuntu/.TinyTeX/texmf-dist/tex/latex/graphics-cfg/color.cfg
File: color.cfg 2016/01/02 v1.6 sample color configuration
)
Package xcolor Info: Driver file: pdftex.def on input line 227.
(/home/ubuntu/.TinyTeX/texmf-dist/tex/latex/graphics-def/pdftex.def
File: pdftex.def 2022/09/22 v1.2b Graphics/color driver for pdftex
) (/home/ubuntu/.TinyTeX/texmf-dist/tex/latex/graphics/mathcolor.ltx)
Package xcolor Info: Model `cmy' substituted by `cmy0' on input line 1353.
Package xcolor Info: Model `hsb' substituted by `rgb' on input line 1357.
Package xcolor Info: Model `RGB' extended on input line 1369.
Package xcolor Info: Model `HTML' substituted by `rgb' on input line 1371.
Package xcolor Info: Model `Hsb' substituted by `hsb' on input line 1372.
Package xcolor Info: Model `tHsb' substituted by `hsb' on input line 1373.
Package xcolor Info: Model `HSB' substituted by `hsb' on input line 1374.
Package xcolor Info: Model `Gray' substituted by `gray' on input line 1375.
Package xcolor Info: Model `wave' substituted by `hsb' on input line 1376.
) (/home/ubuntu/.TinyTeX/texmf-dist/tex/latex/geometry/geometry.sty
Package: geometry 2020/01/02 v5.9 Page Geometry
(/home/ubuntu/.TinyTeX/texmf-dist/tex/latex/graphics/keyval.sty
Package: keyval 2022/05/29 v1.15 key=value parser (DPC)
\KV@toks@=\toks24
) (/home/ubuntu/.TinyTeX/texmf-dist/tex/generic/iftex/ifvtex.sty
Package: ifvtex 2019/10/25 v1.7 ifvtex legacy package. Use iftex instead.
)
\Gm@cnth=\count271
\Gm@cntv=\count272
\c@Gm@tempcnt=\count273
\Gm@bindingoffset=\dimen150
\Gm@wd@mp=\dimen151
\Gm@odd@mp=\dimen152
\Gm@even@mp=\dimen153
\Gm@layoutwidth=\dimen154
\Gm@layoutheight=\dimen155
\Gm@layouthoffset=\dimen156
\Gm@layoutvoffset=\dimen157
\Gm@dimlist=\toks25
) (/home/ubuntu/.TinyTeX/texmf-dist/tex/latex/fancyvrb/fancyvrb.sty
Package: fancyvrb 2023/01/19 4.5a verbatim text (tvz,hv)
\FV@CodeLineNo=\count274
\FV@InFile=\read2
\FV@TabBox=\box53
\c@FancyVerbLine=\count275
\FV@StepNumber=\count276
\FV@OutFile=\write3
) (/home/ubuntu/.TinyTeX/texmf-dist/tex/latex/framed/framed.sty
Package: framed 2011/10/22 v 0.96: framed or shaded text with page breaks
\OuterFrameSep=\skip53
\fb@frw=\dimen158
\fb@frh=\dimen159
\FrameRule=\dimen160
\FrameSep=\dimen161
) (/home/ubuntu/.TinyTeX/texmf-dist/tex/latex/tools/longtable.sty
Package: longtable 2021-09-01 v4.17 Multi-page Table package (DPC)
\LTleft=\skip54
\LTright=\skip55
\LTpre=\skip56
\LTpost=\skip57
\LTchunksize=\count277
\LTcapwidth=\dimen162
\LT@head=\box54
\LT@firsthead=\box55
\LT@foot=\box56
\LT@lastfoot=\box57
\LT@gbox=\box58
\LT@cols=\count278
\LT@rows=\count279
\c@LT@tables=\count280
\c@LT@chunks=\count281
\LT@p@ftn=\toks26
) (/home/ubuntu/.TinyTeX/texmf-dist/tex/latex/booktabs/booktabs.sty
Package: booktabs 2020/01/12 v1.61803398 Publication quality tables
\heavyrulewidth=\dimen163
\lightrulewidth=\dimen164
\cmidrulewidth=\dimen165
\belowrulesep=\dimen166
\belowbottomsep=\dimen167
\aboverulesep=\dimen168
\abovetopsep=\dimen169
\cmidrulesep=\dimen170
\cmidrulekern=\dimen171
\defaultaddspace=\dimen172
\@cmidla=\count282
\@cmidlb=\count283
\@aboverulesep=\dimen173
\@belowrulesep=\dimen174
\@thisruleclass=\count284
\@lastruleclass=\count285
\@thisrulewidth=\dimen175
) (/home/ubuntu/.TinyTeX/texmf-dist/tex/latex/tools/array.sty
Package: array 2022/09/04 v2.5g Tabular extension package (FMi)
\col@sep=\dimen176
\ar@mcellbox=\box59
\extrarowheight=\dimen177
\NC@list=\toks27
\extratabsurround=\skip58
\backup@length=\skip59
\ar@cellbox=\box60
) (/home/ubuntu/.TinyTeX/texmf-dist/tex/latex/tools/calc.sty
Package: calc 2017/05/25 v4.3 Infix arithmetic (KKT,FJ)
\calc@Acount=\count286
\calc@Bcount=\count287
\calc@Adimen=\dimen178
\calc@Bdimen=\dimen179
\calc@Askip=\skip60
\calc@Bskip=\skip61
LaTeX Info: Redefining \setlength on input line 80.
LaTeX Info: Redefining \addtolength on input line 81.
\calc@Ccount=\count288
\calc@Cskip=\skip62
) (/home/ubuntu/.TinyTeX/texmf-dist/tex/latex/etoolbox/etoolbox.sty
Package: etoolbox 2020/10/05 v2.5k e-TeX tools for LaTeX (JAW)
\etb@tempcnta=\count289
) (/home/ubuntu/.TinyTeX/texmf-dist/tex/latex/mdwtools/footnote.sty
Package: footnote 1997/01/28 1.13 Save footnotes around boxes
\fn@notes=\box61
\fn@width=\dimen180
) (/home/ubuntu/.TinyTeX/texmf-dist/tex/latex/graphics/graphicx.sty
Package: graphicx 2021/09/16 v1.2d Enhanced LaTeX Graphics (DPC,SPQR)
(/home/ubuntu/.TinyTeX/texmf-dist/tex/latex/graphics/graphics.sty
Package: graphics 2022/03/10 v1.4e Standard LaTeX Graphics (DPC,SPQR)
(/home/ubuntu/.TinyTeX/texmf-dist/tex/latex/graphics/trig.sty
Package: trig 2021/08/11 v1.11 sin cos tan (DPC)
) (/home/ubuntu/.TinyTeX/texmf-dist/tex/latex/graphics-cfg/graphics.cfg
File: graphics.cfg 2016/06/04 v1.11 sample graphics configuration
)
Package graphics Info: Driver file: pdftex.def on input line 107.
)
\Gin@req@height=\dimen181
\Gin@req@width=\dimen182
) (/home/ubuntu/.TinyTeX/texmf-dist/tex/latex/lipsum/lipsum.sty (/home/ubuntu/.TinyTeX/texmf-dist/tex/latex/l3packages/l3keys2e/l3keys2e.sty (/home/ubuntu/.TinyTeX/texmf-dist/tex/latex/l3kernel/expl3.sty
Package: expl3 2023-08-29 L3 programming layer (loader) 
(/home/ubuntu/.TinyTeX/texmf-dist/tex/latex/l3backend/l3backend-pdftex.def
File: l3backend-pdftex.def 2023-04-19 L3 backend support: PDF output (pdfTeX)
\l__color_backend_stack_int=\count290
\l__pdf_internal_box=\box62
))
Package: l3keys2e 2023-08-29 LaTeX2e option processing using LaTeX3 keys
)
Package: lipsum 2021-09-20 v2.7 150 paragraphs of Lorem Ipsum dummy text
\g__lipsum_par_int=\count291
\l__lipsum_a_int=\count292
\l__lipsum_b_int=\count293
(/home/ubuntu/.TinyTeX/texmf-dist/tex/latex/lipsum/lipsum.ltd.tex)) (/home/ubuntu/.TinyTeX/texmf-dist/tex/latex/units/nicefrac.sty
Package: nicefrac 1998/08/04 v0.9b Nice fractions
\L@UnitsRaiseDisplaystyle=\skip63
\L@UnitsRaiseTextstyle=\skip64
\L@UnitsRaiseScriptstyle=\skip65
(/home/ubuntu/.TinyTeX/texmf-dist/tex/latex/base/ifthen.sty
Package: ifthen 2022/04/13 v1.1d Standard LaTeX ifthen package (DPC)
)) (/home/ubuntu/.TinyTeX/texmf-dist/tex/latex/adjustbox/adjustbox.sty
Package: adjustbox 2022/10/17 v1.3a Adjusting TeX boxes (trim, clip, ...)
(/home/ubuntu/.TinyTeX/texmf-dist/tex/latex/xkeyval/xkeyval.sty
Package: xkeyval 2022/06/16 v2.9 package option processing (HA)
(/home/ubuntu/.TinyTeX/texmf-dist/tex/generic/xkeyval/xkeyval.tex (/home/ubuntu/.TinyTeX/texmf-dist/tex/generic/xkeyval/xkvutils.tex
\XKV@toks=\toks28
\XKV@tempa@toks=\toks29
)
\XKV@depth=\count294
File: xkeyval.tex 2014/12/03 v2.7a key=value parser (HA)
)) (/home/ubuntu/.TinyTeX/texmf-dist/tex/latex/adjustbox/adjcalc.sty
Package: adjcalc 2012/05/16 v1.1 Provides advanced setlength with multiple back-ends (calc, etex, pgfmath)
) (/home/ubuntu/.TinyTeX/texmf-dist/tex/latex/adjustbox/trimclip.sty
Package: trimclip 2020/08/19 v1.2 Trim and clip general TeX material
(/home/ubuntu/.TinyTeX/texmf-dist/tex/latex/collectbox/collectbox.sty
Package: collectbox 2022/10/17 v0.4c Collect macro arguments as boxes
\collectedbox=\box63
)
\tc@llx=\dimen183
\tc@lly=\dimen184
\tc@urx=\dimen185
\tc@ury=\dimen186
Package trimclip Info: Using driver 'tc-pdftex.def'.
(/home/ubuntu/.TinyTeX/texmf-dist/tex/latex/adjustbox/tc-pdftex.def
File: tc-pdftex.def 2019/01/04 v2.2 Clipping driver for pdftex
))
\adjbox@Width=\dimen187
\adjbox@Height=\dimen188
\adjbox@Depth=\dimen189
\adjbox@Totalheight=\dimen190
\adjbox@pwidth=\dimen191
\adjbox@pheight=\dimen192
\adjbox@pdepth=\dimen193
\adjbox@ptotalheight=\dimen194
) (/home/ubuntu/.TinyTeX/texmf-dist/tex/latex/nonfloat/nonfloat.sty) (/home/ubuntu/.TinyTeX/texmf-dist/tex/latex/tools/multicol.sty
Package: multicol 2023/03/30 v1.9f multicolumn formatting (FMi)
\c@tracingmulticols=\count295
\mult@box=\box64
\multicol@leftmargin=\dimen195
\c@unbalance=\count296
\c@collectmore=\count297
\doublecol@number=\count298
\multicoltolerance=\count299
\multicolpretolerance=\count300
\full@width=\dimen196
\page@free=\dimen197
\premulticols=\dimen198
\postmulticols=\dimen199
\multicolsep=\skip66
\multicolbaselineskip=\skip67
\partial@page=\box65
\last@line=\box66
\mc@boxedresult=\box67
\maxbalancingoverflow=\dimen256
\mult@rightbox=\box68
\mult@grightbox=\box69
\mult@firstbox=\box70
\mult@gfirstbox=\box71
\@tempa=\box72
\@tempa=\box73
\@tempa=\box74
\@tempa=\box75
\@tempa=\box76
\@tempa=\box77
\@tempa=\box78
\@tempa=\box79
\@tempa=\box80
\@tempa=\box81
\@tempa=\box82
\@tempa=\box83
\@tempa=\box84
\@tempa=\box85
\@tempa=\box86
\@tempa=\box87
\@tempa=\box88
\@tempa=\box89
\@tempa=\box90
\@tempa=\box91
\@tempa=\box92
\@tempa=\box93
\@tempa=\box94
\@tempa=\box95
\@tempa=\box96
\@tempa=\box97
\@tempa=\box98
\@tempa=\box99
\@tempa=\box100
\@tempa=\box101
\@tempa=\box102
\@tempa=\box103
\@tempa=\box104
\@tempa=\box105
\@tempa=\box106
\@tempa=\box107
\c@minrows=\count301
\c@columnbadness=\count302
\c@finalcolumnbadness=\count303
\last@try=\dimen257
\multicolovershoot=\dimen258
\multicolundershoot=\dimen259
\mult@nat@firstbox=\box108
\colbreak@box=\box109
\mc@col@check@num=\count304
) (/home/ubuntu/.TinyTeX/texmf-dist/tex/latex/tcolorbox/tcolorbox.sty
Package: tcolorbox 2023/06/19 version 6.0.4 text color boxes
(/home/ubuntu/.TinyTeX/texmf-dist/tex/latex/pgf/basiclayer/pgf.sty (/home/ubuntu/.TinyTeX/texmf-dist/tex/latex/pgf/utilities/pgfrcs.sty (/home/ubuntu/.TinyTeX/texmf-dist/tex/generic/pgf/utilities/pgfutil-common.tex
\pgfutil@everybye=\toks30
\pgfutil@tempdima=\dimen260
\pgfutil@tempdimb=\dimen261
) (/home/ubuntu/.TinyTeX/texmf-dist/tex/generic/pgf/utilities/pgfutil-latex.def
\pgfutil@abb=\box110
) (/home/ubuntu/.TinyTeX/texmf-dist/tex/generic/pgf/utilities/pgfrcs.code.tex (/home/ubuntu/.TinyTeX/texmf-dist/tex/generic/pgf/pgf.revision.tex)
Package: pgfrcs 2023-01-15 v3.1.10 (3.1.10)
))
Package: pgf 2023-01-15 v3.1.10 (3.1.10)
(/home/ubuntu/.TinyTeX/texmf-dist/tex/latex/pgf/basiclayer/pgfcore.sty (/home/ubuntu/.TinyTeX/texmf-dist/tex/latex/pgf/systemlayer/pgfsys.sty (/home/ubuntu/.TinyTeX/texmf-dist/tex/generic/pgf/systemlayer/pgfsys.code.tex
Package: pgfsys 2023-01-15 v3.1.10 (3.1.10)
(/home/ubuntu/.TinyTeX/texmf-dist/tex/generic/pgf/utilities/pgfkeys.code.tex
\pgfkeys@pathtoks=\toks31
\pgfkeys@temptoks=\toks32
(/home/ubuntu/.TinyTeX/texmf-dist/tex/generic/pgf/utilities/pgfkeyslibraryfiltered.code.tex
\pgfkeys@tmptoks=\toks33
))
\pgf@x=\dimen262
\pgf@y=\dimen263
\pgf@xa=\dimen264
\pgf@ya=\dimen265
\pgf@xb=\dimen266
\pgf@yb=\dimen267
\pgf@xc=\dimen268
\pgf@yc=\dimen269
\pgf@xd=\dimen270
\pgf@yd=\dimen271
\w@pgf@writea=\write4
\r@pgf@reada=\read3
\c@pgf@counta=\count305
\c@pgf@countb=\count306
\c@pgf@countc=\count307
\c@pgf@countd=\count308
\t@pgf@toka=\toks34
\t@pgf@tokb=\toks35
\t@pgf@tokc=\toks36
\pgf@sys@id@count=\count309
(/home/ubuntu/.TinyTeX/texmf-dist/tex/generic/pgf/systemlayer/pgf.cfg
File: pgf.cfg 2023-01-15 v3.1.10 (3.1.10)
)
Driver file for pgf: pgfsys-pdftex.def
(/home/ubuntu/.TinyTeX/texmf-dist/tex/generic/pgf/systemlayer/pgfsys-pdftex.def
File: pgfsys-pdftex.def 2023-01-15 v3.1.10 (3.1.10)
(/home/ubuntu/.TinyTeX/texmf-dist/tex/generic/pgf/systemlayer/pgfsys-common-pdf.def
File: pgfsys-common-pdf.def 2023-01-15 v3.1.10 (3.1.10)
))) (/home/ubuntu/.TinyTeX/texmf-dist/tex/generic/pgf/systemlayer/pgfsyssoftpath.code.tex
File: pgfsyssoftpath.code.tex 2023-01-15 v3.1.10 (3.1.10)
\pgfsyssoftpath@smallbuffer@items=\count310
\pgfsyssoftpath@bigbuffer@items=\count311
) (/home/ubuntu/.TinyTeX/texmf-dist/tex/generic/pgf/systemlayer/pgfsysprotocol.code.tex
File: pgfsysprotocol.code.tex 2023-01-15 v3.1.10 (3.1.10)
)) (/home/ubuntu/.TinyTeX/texmf-dist/tex/generic/pgf/basiclayer/pgfcore.code.tex
Package: pgfcore 2023-01-15 v3.1.10 (3.1.10)
(/home/ubuntu/.TinyTeX/texmf-dist/tex/generic/pgf/math/pgfmath.code.tex (/home/ubuntu/.TinyTeX/texmf-dist/tex/generic/pgf/math/pgfmathutil.code.tex) (/home/ubuntu/.TinyTeX/texmf-dist/tex/generic/pgf/math/pgfmathparser.code.tex
\pgfmath@dimen=\dimen272
\pgfmath@count=\count312
\pgfmath@box=\box111
\pgfmath@toks=\toks37
\pgfmath@stack@operand=\toks38
\pgfmath@stack@operation=\toks39
) (/home/ubuntu/.TinyTeX/texmf-dist/tex/generic/pgf/math/pgfmathfunctions.code.tex) (/home/ubuntu/.TinyTeX/texmf-dist/tex/generic/pgf/math/pgfmathfunctions.basic.code.tex) (/home/ubuntu/.TinyTeX/texmf-dist/tex/generic/pgf/math/pgfmathfunctions.trigonometric.code.tex) (/home/ubuntu/.TinyTeX/texmf-dist/tex/generic/pgf/math/pgfmathfunctions.random.code.tex) (/home/ubuntu/.TinyTeX/texmf-dist/tex/generic/pgf/math/pgfmathfunctions.comparison.code.tex) (/home/ubuntu/.TinyTeX/texmf-dist/tex/generic/pgf/math/pgfmathfunctions.base.code.tex) (/home/ubuntu/.TinyTeX/texmf-dist/tex/generic/pgf/math/pgfmathfunctions.round.code.tex) (/home/ubuntu/.TinyTeX/texmf-dist/tex/generic/pgf/math/pgfmathfunctions.misc.code.tex) (/home/ubuntu/.TinyTeX/texmf-dist/tex/generic/pgf/math/pgfmathfunctions.integerarithmetics.code.tex) (/home/ubuntu/.TinyTeX/texmf-dist/tex/generic/pgf/math/pgfmathcalc.code.tex) (/home/ubuntu/.TinyTeX/texmf-dist/tex/generic/pgf/math/pgfmathfloat.code.tex
\c@pgfmathroundto@lastzeros=\count313
)) (/home/ubuntu/.TinyTeX/texmf-dist/tex/generic/pgf/math/pgfint.code.tex) (/home/ubuntu/.TinyTeX/texmf-dist/tex/generic/pgf/basiclayer/pgfcorepoints.code.tex
File: pgfcorepoints.code.tex 2023-01-15 v3.1.10 (3.1.10)
\pgf@picminx=\dimen273
\pgf@picmaxx=\dimen274
\pgf@picminy=\dimen275
\pgf@picmaxy=\dimen276
\pgf@pathminx=\dimen277
\pgf@pathmaxx=\dimen278
\pgf@pathminy=\dimen279
\pgf@pathmaxy=\dimen280
\pgf@xx=\dimen281
\pgf@xy=\dimen282
\pgf@yx=\dimen283
\pgf@yy=\dimen284
\pgf@zx=\dimen285
\pgf@zy=\dimen286
) (/home/ubuntu/.TinyTeX/texmf-dist/tex/generic/pgf/basiclayer/pgfcorepathconstruct.code.tex
File: pgfcorepathconstruct.code.tex 2023-01-15 v3.1.10 (3.1.10)
\pgf@path@lastx=\dimen287
\pgf@path@lasty=\dimen288
) (/home/ubuntu/.TinyTeX/texmf-dist/tex/generic/pgf/basiclayer/pgfcorepathusage.code.tex
File: pgfcorepathusage.code.tex 2023-01-15 v3.1.10 (3.1.10)
\pgf@shorten@end@additional=\dimen289
\pgf@shorten@start@additional=\dimen290
) (/home/ubuntu/.TinyTeX/texmf-dist/tex/generic/pgf/basiclayer/pgfcorescopes.code.tex
File: pgfcorescopes.code.tex 2023-01-15 v3.1.10 (3.1.10)
\pgfpic=\box112
\pgf@hbox=\box113
\pgf@layerbox@main=\box114
\pgf@picture@serial@count=\count314
) (/home/ubuntu/.TinyTeX/texmf-dist/tex/generic/pgf/basiclayer/pgfcoregraphicstate.code.tex
File: pgfcoregraphicstate.code.tex 2023-01-15 v3.1.10 (3.1.10)
\pgflinewidth=\dimen291
) (/home/ubuntu/.TinyTeX/texmf-dist/tex/generic/pgf/basiclayer/pgfcoretransformations.code.tex
File: pgfcoretransformations.code.tex 2023-01-15 v3.1.10 (3.1.10)
\pgf@pt@x=\dimen292
\pgf@pt@y=\dimen293
\pgf@pt@temp=\dimen294
) (/home/ubuntu/.TinyTeX/texmf-dist/tex/generic/pgf/basiclayer/pgfcorequick.code.tex
File: pgfcorequick.code.tex 2023-01-15 v3.1.10 (3.1.10)
) (/home/ubuntu/.TinyTeX/texmf-dist/tex/generic/pgf/basiclayer/pgfcoreobjects.code.tex
File: pgfcoreobjects.code.tex 2023-01-15 v3.1.10 (3.1.10)
) (/home/ubuntu/.TinyTeX/texmf-dist/tex/generic/pgf/basiclayer/pgfcorepathprocessing.code.tex
File: pgfcorepathprocessing.code.tex 2023-01-15 v3.1.10 (3.1.10)
) (/home/ubuntu/.TinyTeX/texmf-dist/tex/generic/pgf/basiclayer/pgfcorearrows.code.tex
File: pgfcorearrows.code.tex 2023-01-15 v3.1.10 (3.1.10)
\pgfarrowsep=\dimen295
) (/home/ubuntu/.TinyTeX/texmf-dist/tex/generic/pgf/basiclayer/pgfcoreshade.code.tex
File: pgfcoreshade.code.tex 2023-01-15 v3.1.10 (3.1.10)
\pgf@max=\dimen296
\pgf@sys@shading@range@num=\count315
\pgf@shadingcount=\count316
) (/home/ubuntu/.TinyTeX/texmf-dist/tex/generic/pgf/basiclayer/pgfcoreimage.code.tex
File: pgfcoreimage.code.tex 2023-01-15 v3.1.10 (3.1.10)
) (/home/ubuntu/.TinyTeX/texmf-dist/tex/generic/pgf/basiclayer/pgfcoreexternal.code.tex
File: pgfcoreexternal.code.tex 2023-01-15 v3.1.10 (3.1.10)
\pgfexternal@startupbox=\box115
) (/home/ubuntu/.TinyTeX/texmf-dist/tex/generic/pgf/basiclayer/pgfcorelayers.code.tex
File: pgfcorelayers.code.tex 2023-01-15 v3.1.10 (3.1.10)
) (/home/ubuntu/.TinyTeX/texmf-dist/tex/generic/pgf/basiclayer/pgfcoretransparency.code.tex
File: pgfcoretransparency.code.tex 2023-01-15 v3.1.10 (3.1.10)
) (/home/ubuntu/.TinyTeX/texmf-dist/tex/generic/pgf/basiclayer/pgfcorepatterns.code.tex
File: pgfcorepatterns.code.tex 2023-01-15 v3.1.10 (3.1.10)
) (/home/ubuntu/.TinyTeX/texmf-dist/tex/generic/pgf/basiclayer/pgfcorerdf.code.tex
File: pgfcorerdf.code.tex 2023-01-15 v3.1.10 (3.1.10)
))) (/home/ubuntu/.TinyTeX/texmf-dist/tex/generic/pgf/modules/pgfmoduleshapes.code.tex
File: pgfmoduleshapes.code.tex 2023-01-15 v3.1.10 (3.1.10)
\pgfnodeparttextbox=\box116
) (/home/ubuntu/.TinyTeX/texmf-dist/tex/generic/pgf/modules/pgfmoduleplot.code.tex
File: pgfmoduleplot.code.tex 2023-01-15 v3.1.10 (3.1.10)
) (/home/ubuntu/.TinyTeX/texmf-dist/tex/latex/pgf/compatibility/pgfcomp-version-0-65.sty
Package: pgfcomp-version-0-65 2023-01-15 v3.1.10 (3.1.10)
\pgf@nodesepstart=\dimen297
\pgf@nodesepend=\dimen298
) (/home/ubuntu/.TinyTeX/texmf-dist/tex/latex/pgf/compatibility/pgfcomp-version-1-18.sty
Package: pgfcomp-version-1-18 2023-01-15 v3.1.10 (3.1.10)
)) (/home/ubuntu/.TinyTeX/texmf-dist/tex/latex/tools/verbatim.sty
Package: verbatim 2022-07-02 v1.5u LaTeX2e package for verbatim enhancements
\every@verbatim=\toks40
\verbatim@line=\toks41
\verbatim@in@stream=\read4
) (/home/ubuntu/.TinyTeX/texmf-dist/tex/latex/environ/environ.sty
Package: environ 2014/05/04 v0.3 A new way to define environments
(/home/ubuntu/.TinyTeX/texmf-dist/tex/latex/trimspaces/trimspaces.sty
Package: trimspaces 2009/09/17 v1.1 Trim spaces around a token list
))
\tcb@titlebox=\box117
\tcb@upperbox=\box118
\tcb@lowerbox=\box119
\tcb@phantombox=\box120
\c@tcbbreakpart=\count317
\c@tcblayer=\count318
\c@tcolorbox@number=\count319
\tcb@temp=\box121
\tcb@temp=\box122
\tcb@temp=\box123
\tcb@temp=\box124
(/home/ubuntu/.TinyTeX/texmf-dist/tex/latex/tcolorbox/tcbraster.code.tex
Library (tcolorbox): 'tcbraster.code.tex' version '6.0.4'
\c@tcbrastercolumn=\count320
\c@tcbrasterrow=\count321
\c@tcbrasternum=\count322
\c@tcbraster=\count323
) (/home/ubuntu/.TinyTeX/texmf-dist/tex/latex/tcolorbox/tcbskins.code.tex
Library (tcolorbox): 'tcbskins.code.tex' version '6.0.4'
(/home/ubuntu/.TinyTeX/texmf-dist/tex/latex/pgf/frontendlayer/tikz.sty (/home/ubuntu/.TinyTeX/texmf-dist/tex/latex/pgf/utilities/pgffor.sty (/home/ubuntu/.TinyTeX/texmf-dist/tex/latex/pgf/utilities/pgfkeys.sty (/home/ubuntu/.TinyTeX/texmf-dist/tex/generic/pgf/utilities/pgfkeys.code.tex)) (/home/ubuntu/.TinyTeX/texmf-dist/tex/latex/pgf/math/pgfmath.sty (/home/ubuntu/.TinyTeX/texmf-dist/tex/generic/pgf/math/pgfmath.code.tex)) (/home/ubuntu/.TinyTeX/texmf-dist/tex/generic/pgf/utilities/pgffor.code.tex
Package: pgffor 2023-01-15 v3.1.10 (3.1.10)
\pgffor@iter=\dimen299
\pgffor@skip=\dimen300
\pgffor@stack=\toks42
\pgffor@toks=\toks43
)) (/home/ubuntu/.TinyTeX/texmf-dist/tex/generic/pgf/frontendlayer/tikz/tikz.code.tex
Package: tikz 2023-01-15 v3.1.10 (3.1.10)
(/home/ubuntu/.TinyTeX/texmf-dist/tex/generic/pgf/libraries/pgflibraryplothandlers.code.tex
File: pgflibraryplothandlers.code.tex 2023-01-15 v3.1.10 (3.1.10)
\pgf@plot@mark@count=\count324
\pgfplotmarksize=\dimen301
)
\tikz@lastx=\dimen302
\tikz@lasty=\dimen303
\tikz@lastxsaved=\dimen304
\tikz@lastysaved=\dimen305
\tikz@lastmovetox=\dimen306
\tikz@lastmovetoy=\dimen307
\tikzleveldistance=\dimen308
\tikzsiblingdistance=\dimen309
\tikz@figbox=\box125
\tikz@figbox@bg=\box126
\tikz@tempbox=\box127
\tikz@tempbox@bg=\box128
\tikztreelevel=\count325
\tikznumberofchildren=\count326
\tikznumberofcurrentchild=\count327
\tikz@fig@count=\count328
(/home/ubuntu/.TinyTeX/texmf-dist/tex/generic/pgf/modules/pgfmodulematrix.code.tex
File: pgfmodulematrix.code.tex 2023-01-15 v3.1.10 (3.1.10)
\pgfmatrixcurrentrow=\count329
\pgfmatrixcurrentcolumn=\count330
\pgf@matrix@numberofcolumns=\count331
)
\tikz@expandcount=\count332
(/home/ubuntu/.TinyTeX/texmf-dist/tex/generic/pgf/frontendlayer/tikz/libraries/tikzlibrarytopaths.code.tex
File: tikzlibrarytopaths.code.tex 2023-01-15 v3.1.10 (3.1.10)
))) (/home/ubuntu/.TinyTeX/texmf-dist/tex/latex/tikzfill/tikzfill.image.sty
Package: tikzfill.image 2023/08/08 v1.0.1 Image filling library for TikZ
(/home/ubuntu/.TinyTeX/texmf-dist/tex/latex/tikzfill/tikzfill-common.sty
Package: tikzfill-common 2023/08/08 v1.0.1 Auxiliary code for tikzfill
) (/home/ubuntu/.TinyTeX/texmf-dist/tex/latex/tikzfill/tikzlibraryfill.image.code.tex
File: tikzlibraryfill.image.code.tex 2023/08/08 v1.0.1 Image filling library
\l__tikzfill_img_box=\box129
)) (/home/ubuntu/.TinyTeX/texmf-dist/tex/latex/tcolorbox/tcbskinsjigsaw.code.tex
Library (tcolorbox): 'tcbskinsjigsaw.code.tex' version '6.0.4'
)) (/home/ubuntu/.TinyTeX/texmf-dist/tex/latex/tcolorbox/tcbbreakable.code.tex
Library (tcolorbox): 'tcbbreakable.code.tex' version '6.0.4'
(/home/ubuntu/.TinyTeX/texmf-dist/tex/latex/pdfcol/pdfcol.sty
Package: pdfcol 2022-09-21 v1.7 Handle new color stacks for pdfTeX (HO)
(/home/ubuntu/.TinyTeX/texmf-dist/tex/generic/ltxcmds/ltxcmds.sty
Package: ltxcmds 2020-05-10 v1.25 LaTeX kernel commands for general use (HO)
) (/home/ubuntu/.TinyTeX/texmf-dist/tex/generic/infwarerr/infwarerr.sty
Package: infwarerr 2019/12/03 v1.5 Providing info/warning/error messages (HO)
))
Package pdfcol Info: New color stack `tcb@breakable' = 1 on input line 23.
\tcb@testbox=\box130
\tcb@totalupperbox=\box131
\tcb@totallowerbox=\box132
) (/home/ubuntu/.TinyTeX/texmf-dist/tex/latex/tcolorbox/tcbhooks.code.tex
Library (tcolorbox): 'tcbhooks.code.tex' version '6.0.4'
) (/home/ubuntu/.TinyTeX/texmf-dist/tex/latex/tcolorbox/tcbtheorems.code.tex
Library (tcolorbox): 'tcbtheorems.code.tex' version '6.0.4'
) (/home/ubuntu/.TinyTeX/texmf-dist/tex/latex/tcolorbox/tcbfitting.code.tex
Library (tcolorbox): 'tcbfitting.code.tex' version '6.0.4'
\tcbfitdim=\dimen310
\tcb@lowerfitdim=\dimen311
\tcb@upperfitdim=\dimen312
\tcb@cur@hbadness=\count333
) (/home/ubuntu/.TinyTeX/texmf-dist/tex/latex/tcolorbox/tcblistingsutf8.code.tex
Library (tcolorbox): 'tcblistingsutf8.code.tex' version '6.0.4'
(/home/ubuntu/.TinyTeX/texmf-dist/tex/latex/tcolorbox/tcblistings.code.tex
Library (tcolorbox): 'tcblistings.code.tex' version '6.0.4'
(/home/ubuntu/.TinyTeX/texmf-dist/tex/latex/listings/listings.sty
\lst@mode=\count334
\lst@gtempboxa=\box133
\lst@token=\toks44
\lst@length=\count335
\lst@currlwidth=\dimen313
\lst@column=\count336
\lst@pos=\count337
\lst@lostspace=\dimen314
\lst@width=\dimen315
\lst@newlines=\count338
\lst@lineno=\count339
\lst@maxwidth=\dimen316
(/home/ubuntu/.TinyTeX/texmf-dist/tex/latex/listings/lstmisc.sty
File: lstmisc.sty 2023/02/27 1.9 (Carsten Heinz)
\c@lstnumber=\count340
\lst@skipnumbers=\count341
\lst@framebox=\box134
) (/home/ubuntu/.TinyTeX/texmf-dist/tex/latex/listings/listings.cfg
File: listings.cfg 2023/02/27 1.9 listings configuration
))
Package: listings 2023/02/27 1.9 (Carsten Heinz)
(/home/ubuntu/.TinyTeX/texmf-dist/tex/latex/tcolorbox/tcblistingscore.code.tex
Library (tcolorbox): 'tcblistingscore.code.tex' version '6.0.4'
(/home/ubuntu/.TinyTeX/texmf-dist/tex/latex/tcolorbox/tcbprocessing.code.tex
Library (tcolorbox): 'tcbprocessing.code.tex' version '6.0.4'
(/home/ubuntu/.TinyTeX/texmf-dist/tex/generic/pdftexcmds/pdftexcmds.sty
Package: pdftexcmds 2020-06-27 v0.33 Utility functions of pdfTeX for LuaTeX (HO)
Package pdftexcmds Info: \pdf@primitive is available.
Package pdftexcmds Info: \pdf@ifprimitive is available.
Package pdftexcmds Info: \pdfdraftmode found.
) (/home/ubuntu/.TinyTeX/texmf-dist/tex/latex/tools/shellesc.sty
Package: shellesc 2023/04/15 v1.0d unified shell escape interface for LaTeX
Package shellesc Info: Restricted shell escape enabled on input line 77.
))
\c@tcblisting=\count342
)) (/home/ubuntu/.TinyTeX/texmf-dist/tex/latex/listingsutf8/listingsutf8.sty
Package: listingsutf8 2019-12-10 v1.5 Allow UTF-8 in listings input (HO)
(/home/ubuntu/.TinyTeX/texmf-dist/tex/generic/stringenc/stringenc.sty
Package: stringenc 2019/11/29 v1.12 Convert strings between diff. encodings (HO)
(/home/ubuntu/.TinyTeX/texmf-dist/tex/generic/pdfescape/pdfescape.sty
Package: pdfescape 2019/12/09 v1.15 Implements pdfTeX's escape features (HO)
)))) (/home/ubuntu/.TinyTeX/texmf-dist/tex/latex/tcolorbox/tcbexternal.code.tex
Library (tcolorbox): 'tcbexternal.code.tex' version '6.0.4'
) (/home/ubuntu/.TinyTeX/texmf-dist/tex/latex/tcolorbox/tcbmagazine.code.tex
Library (tcolorbox): 'tcbmagazine.code.tex' version '6.0.4'
) (/home/ubuntu/.TinyTeX/texmf-dist/tex/latex/tcolorbox/tcbvignette.code.tex
Library (tcolorbox): 'tcbvignette.code.tex' version '6.0.4'
(/home/ubuntu/.TinyTeX/texmf-dist/tex/generic/pgf/frontendlayer/tikz/libraries/tikzlibraryfadings.code.tex
File: tikzlibraryfadings.code.tex 2023-01-15 v3.1.10 (3.1.10)
(/home/ubuntu/.TinyTeX/texmf-dist/tex/generic/pgf/libraries/pgflibraryfadings.code.tex
File: pgflibraryfadings.code.tex 2023-01-15 v3.1.10 (3.1.10)
))) (/home/ubuntu/.TinyTeX/texmf-dist/tex/latex/tcolorbox/tcbposter.code.tex
Library (tcolorbox): 'tcbposter.code.tex' version '6.0.4'
)) (/home/ubuntu/.TinyTeX/texmf-dist/tex/latex/psnfss/mathptmx.sty
Package: mathptmx 2020/03/25 PSNFSS-v9.3 Times w/ Math, improved (SPQR, WaS) 
LaTeX Font Info:    Redeclaring symbol font `operators' on input line 28.
LaTeX Font Info:    Overwriting symbol font `operators' in version `normal'
(Font)                  OT1/lmr/m/n --> OT1/ztmcm/m/n on input line 28.
LaTeX Font Info:    Overwriting symbol font `operators' in version `bold'
(Font)                  OT1/lmr/bx/n --> OT1/ztmcm/m/n on input line 28.
LaTeX Font Info:    Redeclaring symbol font `letters' on input line 29.
LaTeX Font Info:    Overwriting symbol font `letters' in version `normal'
(Font)                  OML/lmm/m/it --> OML/ztmcm/m/it on input line 29.
LaTeX Font Info:    Overwriting symbol font `letters' in version `bold'
(Font)                  OML/lmm/b/it --> OML/ztmcm/m/it on input line 29.
LaTeX Font Info:    Redeclaring symbol font `symbols' on input line 30.
LaTeX Font Info:    Overwriting symbol font `symbols' in version `normal'
(Font)                  OMS/lmsy/m/n --> OMS/ztmcm/m/n on input line 30.
LaTeX Font Info:    Overwriting symbol font `symbols' in version `bold'
(Font)                  OMS/lmsy/b/n --> OMS/ztmcm/m/n on input line 30.
LaTeX Font Info:    Redeclaring symbol font `largesymbols' on input line 31.
LaTeX Font Info:    Overwriting symbol font `largesymbols' in version `normal'
(Font)                  OMX/lmex/m/n --> OMX/ztmcm/m/n on input line 31.
LaTeX Font Info:    Overwriting symbol font `largesymbols' in version `bold'
(Font)                  OMX/lmex/m/n --> OMX/ztmcm/m/n on input line 31.
\symbold=\mathgroup6
\symitalic=\mathgroup7
LaTeX Font Info:    Redeclaring math alphabet \mathbf on input line 34.
LaTeX Font Info:    Overwriting math alphabet `\mathbf' in version `normal'
(Font)                  OT1/lmr/bx/n --> OT1/ptm/bx/n on input line 34.
LaTeX Font Info:    Overwriting math alphabet `\mathbf' in version `bold'
(Font)                  OT1/lmr/bx/n --> OT1/ptm/bx/n on input line 34.
LaTeX Font Info:    Redeclaring math alphabet \mathit on input line 35.
LaTeX Font Info:    Overwriting math alphabet `\mathit' in version `normal'
(Font)                  OT1/lmr/m/it --> OT1/ptm/m/it on input line 35.
LaTeX Font Info:    Overwriting math alphabet `\mathit' in version `bold'
(Font)                  OT1/lmr/bx/it --> OT1/ptm/m/it on input line 35.
LaTeX Info: Redefining \hbar on input line 50.
) (/home/ubuntu/.TinyTeX/texmf-dist/tex/latex/base/fontenc.sty
Package: fontenc 2021/04/29 v2.0v Standard LaTeX package
LaTeX Font Info:    Trying to load font information for T1+ptm on input line 112.
(/home/ubuntu/.TinyTeX/texmf-dist/tex/latex/psnfss/t1ptm.fd
File: t1ptm.fd 2001/06/04 font definitions for T1/ptm.
)) (/home/ubuntu/.TinyTeX/texmf-dist/tex/latex/hyperref/hyperref.sty
Package: hyperref 2023-07-08 v7.01b Hypertext links for LaTeX
(/home/ubuntu/.TinyTeX/texmf-dist/tex/latex/kvsetkeys/kvsetkeys.sty
Package: kvsetkeys 2022-10-05 v1.19 Key value parser (HO)
) (/home/ubuntu/.TinyTeX/texmf-dist/tex/generic/kvdefinekeys/kvdefinekeys.sty
Package: kvdefinekeys 2019-12-19 v1.6 Define keys (HO)
) (/home/ubuntu/.TinyTeX/texmf-dist/tex/latex/hycolor/hycolor.sty
Package: hycolor 2020-01-27 v1.10 Color options for hyperref/bookmark (HO)
) (/home/ubuntu/.TinyTeX/texmf-dist/tex/latex/letltxmacro/letltxmacro.sty
Package: letltxmacro 2019/12/03 v1.6 Let assignment for LaTeX macros (HO)
) (/home/ubuntu/.TinyTeX/texmf-dist/tex/latex/auxhook/auxhook.sty
Package: auxhook 2019-12-17 v1.6 Hooks for auxiliary files (HO)
) (/home/ubuntu/.TinyTeX/texmf-dist/tex/latex/hyperref/nameref.sty
Package: nameref 2023-08-07 v2.53 Cross-referencing by name of section
(/home/ubuntu/.TinyTeX/texmf-dist/tex/latex/refcount/refcount.sty
Package: refcount 2019/12/15 v3.6 Data extraction from label references (HO)
) (/home/ubuntu/.TinyTeX/texmf-dist/tex/generic/gettitlestring/gettitlestring.sty
Package: gettitlestring 2019/12/15 v1.6 Cleanup title references (HO)
(/home/ubuntu/.TinyTeX/texmf-dist/tex/latex/kvoptions/kvoptions.sty
Package: kvoptions 2022-06-15 v3.15 Key value format for package options (HO)
))
\c@section@level=\count343
)
\@linkdim=\dimen317
\Hy@linkcounter=\count344
\Hy@pagecounter=\count345
(/home/ubuntu/.TinyTeX/texmf-dist/tex/latex/hyperref/pd1enc.def
File: pd1enc.def 2023-07-08 v7.01b Hyperref: PDFDocEncoding definition (HO)
Now handling font encoding PD1 ...
... no UTF-8 mapping file for font encoding PD1
) (/home/ubuntu/.TinyTeX/texmf-dist/tex/generic/intcalc/intcalc.sty
Package: intcalc 2019/12/15 v1.3 Expandable calculations with integers (HO)
)
\Hy@SavedSpaceFactor=\count346
(/home/ubuntu/.TinyTeX/texmf-dist/tex/latex/hyperref/puenc.def
File: puenc.def 2023-07-08 v7.01b Hyperref: PDF Unicode definition (HO)
Now handling font encoding PU ...
... no UTF-8 mapping file for font encoding PU
)
Package hyperref Info: Option `unicode' set `true' on input line 4050.
Package hyperref Info: Hyper figures OFF on input line 4167.
Package hyperref Info: Link nesting OFF on input line 4172.
Package hyperref Info: Hyper index ON on input line 4175.
Package hyperref Info: Plain pages OFF on input line 4182.
Package hyperref Info: Backreferencing OFF on input line 4187.
Package hyperref Info: Implicit mode ON; LaTeX internals redefined.
Package hyperref Info: Bookmarks ON on input line 4434.
\c@Hy@tempcnt=\count347
(/home/ubuntu/.TinyTeX/texmf-dist/tex/latex/url/url.sty
\Urlmuskip=\muskip17
Package: url 2013/09/16  ver 3.4  Verb mode for urls, etc.
)
LaTeX Info: Redefining \url on input line 4772.
\XeTeXLinkMargin=\dimen318
(/home/ubuntu/.TinyTeX/texmf-dist/tex/generic/bitset/bitset.sty
Package: bitset 2019/12/09 v1.3 Handle bit-vector datatype (HO)
(/home/ubuntu/.TinyTeX/texmf-dist/tex/generic/bigintcalc/bigintcalc.sty
Package: bigintcalc 2019/12/15 v1.5 Expandable calculations on big integers (HO)
))
\Fld@menulength=\count348
\Field@Width=\dimen319
\Fld@charsize=\dimen320
Package hyperref Info: Hyper figures OFF on input line 6051.
Package hyperref Info: Link nesting OFF on input line 6056.
Package hyperref Info: Hyper index ON on input line 6059.
Package hyperref Info: backreferencing OFF on input line 6066.
Package hyperref Info: Link coloring OFF on input line 6071.
Package hyperref Info: Link coloring with OCG OFF on input line 6076.
Package hyperref Info: PDF/A mode OFF on input line 6081.
(/home/ubuntu/.TinyTeX/texmf-dist/tex/latex/base/atbegshi-ltx.sty
Package: atbegshi-ltx 2021/01/10 v1.0c Emulation of the original atbegshi
package with kernel methods
)
\Hy@abspage=\count349
\c@Item=\count350
\c@Hfootnote=\count351
)
Package hyperref Info: Driver (autodetected): hpdftex.
(/home/ubuntu/.TinyTeX/texmf-dist/tex/latex/hyperref/hpdftex.def
File: hpdftex.def 2023-07-08 v7.01b Hyperref driver for pdfTeX
(/home/ubuntu/.TinyTeX/texmf-dist/tex/latex/base/atveryend-ltx.sty
Package: atveryend-ltx 2020/08/19 v1.0a Emulation of the original atveryend package
with kernel methods
)
\Fld@listcount=\count352
\c@bookmark@seq@number=\count353
(/home/ubuntu/.TinyTeX/texmf-dist/tex/latex/rerunfilecheck/rerunfilecheck.sty
Package: rerunfilecheck 2022-07-10 v1.10 Rerun checks for auxiliary files (HO)
(/home/ubuntu/.TinyTeX/texmf-dist/tex/generic/uniquecounter/uniquecounter.sty
Package: uniquecounter 2019/12/15 v1.4 Provide unlimited unique counter (HO)
)
Package uniquecounter Info: New unique counter `rerunfilecheck' on input line 285.
)
\Hy@SectionHShift=\skip68
) (./Mitschrift.aux)
\openout1 = `Mitschrift.aux'.

LaTeX Font Info:    Checking defaults for OML/cmm/m/it on input line 174.
LaTeX Font Info:    ... okay on input line 174.
LaTeX Font Info:    Checking defaults for OMS/cmsy/m/n on input line 174.
LaTeX Font Info:    ... okay on input line 174.
LaTeX Font Info:    Checking defaults for OT1/cmr/m/n on input line 174.
LaTeX Font Info:    ... okay on input line 174.
LaTeX Font Info:    Checking defaults for T1/cmr/m/n on input line 174.
LaTeX Font Info:    ... okay on input line 174.
LaTeX Font Info:    Checking defaults for TS1/cmr/m/n on input line 174.
LaTeX Font Info:    ... okay on input line 174.
LaTeX Font Info:    Checking defaults for OMX/cmex/m/n on input line 174.
LaTeX Font Info:    ... okay on input line 174.
LaTeX Font Info:    Checking defaults for U/cmr/m/n on input line 174.
LaTeX Font Info:    ... okay on input line 174.
LaTeX Font Info:    Checking defaults for PD1/pdf/m/n on input line 174.
LaTeX Font Info:    ... okay on input line 174.
LaTeX Font Info:    Checking defaults for PU/pdf/m/n on input line 174.
LaTeX Font Info:    ... okay on input line 174.
(/home/ubuntu/.TinyTeX/texmf-dist/tex/latex/epstopdf-pkg/epstopdf-base.sty
Package: epstopdf-base 2020-01-24 v2.11 Base part for package epstopdf
Package epstopdf-base Info: Redefining graphics rule for `.eps' on input line 485.
(/home/ubuntu/.TinyTeX/texmf-dist/tex/latex/latexconfig/epstopdf-sys.cfg
File: epstopdf-sys.cfg 2010/07/13 v1.3 Configuration of (r)epstopdf for TeX Live
))
*geometry* driver: auto-detecting
*geometry* detected driver: pdftex
*geometry* verbose mode - [ preamble ] result:
* driver: pdftex
* paper: <default>
* layout: <same size as paper>
* layoutoffset:(h,v)=(0.0pt,0.0pt)
* modes: 
* h-part:(L,W,R)=(72.26999pt, 469.75502pt, 72.26999pt)
* v-part:(T,H,B)=(72.26999pt, 650.43001pt, 72.26999pt)
* \paperwidth=614.295pt
* \paperheight=794.96999pt
* \textwidth=469.75502pt
* \textheight=650.43001pt
* \oddsidemargin=0.0pt
* \evensidemargin=0.0pt
* \topmargin=-37.0pt
* \headheight=12.0pt
* \headsep=25.0pt
* \topskip=10.0pt
* \footskip=30.0pt
* \marginparwidth=65.0pt
* \marginparsep=11.0pt
* \columnsep=10.0pt
* \skip\footins=9.0pt plus 4.0pt minus 2.0pt
* \hoffset=0.0pt
* \voffset=0.0pt
* \mag=1000
* \@twocolumnfalse
* \@twosidefalse
* \@mparswitchfalse
* \@reversemarginfalse
* (1in=72.27pt=25.4mm, 1cm=28.453pt)

\c@lstlisting=\count354
Package hyperref Info: Link coloring OFF on input line 174.
(./Mitschrift.out) (./Mitschrift.out)
\@outlinefile=\write5
\openout5 = `Mitschrift.out'.

LaTeX Font Info:    Trying to load font information for OT1+ztmcm on input line 176.
(/home/ubuntu/.TinyTeX/texmf-dist/tex/latex/psnfss/ot1ztmcm.fd
File: ot1ztmcm.fd 2000/01/03 Fontinst v1.801 font definitions for OT1/ztmcm.
)
LaTeX Font Info:    Trying to load font information for OML+ztmcm on input line 176.
(/home/ubuntu/.TinyTeX/texmf-dist/tex/latex/psnfss/omlztmcm.fd
File: omlztmcm.fd 2000/01/03 Fontinst v1.801 font definitions for OML/ztmcm.
)
LaTeX Font Info:    Trying to load font information for OMS+ztmcm on input line 176.
(/home/ubuntu/.TinyTeX/texmf-dist/tex/latex/psnfss/omsztmcm.fd
File: omsztmcm.fd 2000/01/03 Fontinst v1.801 font definitions for OMS/ztmcm.
)
LaTeX Font Info:    Trying to load font information for OMX+ztmcm on input line 176.
(/home/ubuntu/.TinyTeX/texmf-dist/tex/latex/psnfss/omxztmcm.fd
File: omxztmcm.fd 2000/01/03 Fontinst v1.801 font definitions for OMX/ztmcm.
)
LaTeX Font Info:    Trying to load font information for OT1+ptm on input line 176.
(/home/ubuntu/.TinyTeX/texmf-dist/tex/latex/psnfss/ot1ptm.fd
File: ot1ptm.fd 2001/06/04 font definitions for OT1/ptm.
)
LaTeX Font Info:    Font shape `OT1/ptm/bx/n' in size <12> not available
(Font)              Font shape `OT1/ptm/b/n' tried instead on input line 176.
LaTeX Font Info:    Font shape `OT1/ptm/bx/n' in size <9> not available
(Font)              Font shape `OT1/ptm/b/n' tried instead on input line 176.
LaTeX Font Info:    Font shape `OT1/ptm/bx/n' in size <7> not available
(Font)              Font shape `OT1/ptm/b/n' tried instead on input line 176.
(./Mitschrift.toc
LaTeX Font Info:    Font shape `OT1/ptm/bx/n' in size <10> not available
(Font)              Font shape `OT1/ptm/b/n' tried instead on input line 2.
LaTeX Font Info:    Font shape `OT1/ptm/bx/n' in size <7.4> not available
(Font)              Font shape `OT1/ptm/b/n' tried instead on input line 2.
LaTeX Font Info:    Font shape `OT1/ptm/bx/n' in size <6> not available
(Font)              Font shape `OT1/ptm/b/n' tried instead on input line 2.
LaTeX Font Info:    Trying to load font information for T1+lmtt on input line 23.
(/home/ubuntu/.TinyTeX/texmf-dist/tex/latex/lm/t1lmtt.fd
File: t1lmtt.fd 2015/05/01 v1.6.1 Font defs for Latin Modern
) [1

{/home/ubuntu/.TinyTeX/texmf-var/fonts/map/pdftex/updmap/pdftex.map}{/home/ubuntu/.TinyTeX/texmf-dist/fonts/enc/dvips/base/8r.enc}{/home/ubuntu/.TinyTeX/texmf-dist/fonts/enc/dvips/lm/lm-ec.enc}] [2])
\tf@toc=\write6
\openout6 = `Mitschrift.toc'.

[3]
LaTeX Font Info:    Trying to load font information for TS1+ptm on input line 198.
(/home/ubuntu/.TinyTeX/texmf-dist/tex/latex/psnfss/ts1ptm.fd
File: ts1ptm.fd 2001/06/04 font definitions for TS1/ptm.
) [4

]
<./Bilder/Fig1.png, id=454, 755.82375pt x 468.75125pt>
File: ./Bilder/Fig1.png Graphic file (type png)
<use ./Bilder/Fig1.png>
Package pdftex.def Info: ./Bilder/Fig1.png  used on input line 292.
(pdftex.def)             Requested size: 341.4323pt x 211.7515pt.
[5

 <./Bilder/fig1.png>]
LaTeX Font Info:    Font shape `T1/lmtt/bx/n' in size <10> not available
(Font)              Font shape `T1/lmtt/b/n' tried instead on input line 308.
<Mitschrift_files/figure-latex/unnamed-chunk-1-1.pdf, id=467, 469.755pt x 325.215pt>
File: Mitschrift_files/figure-latex/unnamed-chunk-1-1.pdf Graphic file (type pdf)
<use Mitschrift_files/figure-latex/unnamed-chunk-1-1.pdf>
Package pdftex.def Info: Mitschrift_files/figure-latex/unnamed-chunk-1-1.pdf  used on input line 312.
(pdftex.def)             Requested size: 234.87692pt x 162.6071pt.
<Mitschrift_files/figure-latex/unnamed-chunk-1-2.pdf, id=468, 469.755pt x 325.215pt>
File: Mitschrift_files/figure-latex/unnamed-chunk-1-2.pdf Graphic file (type pdf)
<use Mitschrift_files/figure-latex/unnamed-chunk-1-2.pdf>
Package pdftex.def Info: Mitschrift_files/figure-latex/unnamed-chunk-1-2.pdf  used on input line 313.
(pdftex.def)             Requested size: 234.87692pt x 162.6071pt.

Overfull \hbox (1.89885pt too wide) in paragraph at lines 312--314
[][] [] 
 []

<Mitschrift_files/figure-latex/unnamed-chunk-2-1.pdf, id=469, 469.755pt x 578.16pt>
File: Mitschrift_files/figure-latex/unnamed-chunk-2-1.pdf Graphic file (type pdf)
<use Mitschrift_files/figure-latex/unnamed-chunk-2-1.pdf>
Package pdftex.def Info: Mitschrift_files/figure-latex/unnamed-chunk-2-1.pdf  used on input line 333.
(pdftex.def)             Requested size: 469.75386pt x 578.15858pt.
[6 <./Mitschrift_files/figure-latex/unnamed-chunk-1-1.pdf> <./Mitschrift_files/figure-latex/unnamed-chunk-1-2.pdf>] [7 <./Mitschrift_files/figure-latex/unnamed-chunk-2-1.pdf>]
<Mitschrift_files/figure-latex/unnamed-chunk-3-1.pdf, id=498, 469.755pt x 289.08pt>
File: Mitschrift_files/figure-latex/unnamed-chunk-3-1.pdf Graphic file (type pdf)
<use Mitschrift_files/figure-latex/unnamed-chunk-3-1.pdf>
Package pdftex.def Info: Mitschrift_files/figure-latex/unnamed-chunk-3-1.pdf  used on input line 354.
(pdftex.def)             Requested size: 469.75386pt x 289.07928pt.
[8 <./Mitschrift_files/figure-latex/unnamed-chunk-3-1.pdf>] [9]
<Mitschrift_files/figure-latex/unnamed-chunk-5-1.pdf, id=525, 469.755pt x 505.89pt>
File: Mitschrift_files/figure-latex/unnamed-chunk-5-1.pdf Graphic file (type pdf)
<use Mitschrift_files/figure-latex/unnamed-chunk-5-1.pdf>
Package pdftex.def Info: Mitschrift_files/figure-latex/unnamed-chunk-5-1.pdf  used on input line 513.
(pdftex.def)             Requested size: 144.69072pt x 155.82077pt.
<Mitschrift_files/figure-latex/unnamed-chunk-5-2.pdf, id=526, 469.755pt x 505.89pt>
File: Mitschrift_files/figure-latex/unnamed-chunk-5-2.pdf Graphic file (type pdf)
<use Mitschrift_files/figure-latex/unnamed-chunk-5-2.pdf>
Package pdftex.def Info: Mitschrift_files/figure-latex/unnamed-chunk-5-2.pdf  used on input line 514.
(pdftex.def)             Requested size: 144.69072pt x 155.82077pt.
<Mitschrift_files/figure-latex/unnamed-chunk-5-3.pdf, id=527, 469.755pt x 505.89pt>
File: Mitschrift_files/figure-latex/unnamed-chunk-5-3.pdf Graphic file (type pdf)
<use Mitschrift_files/figure-latex/unnamed-chunk-5-3.pdf>
Package pdftex.def Info: Mitschrift_files/figure-latex/unnamed-chunk-5-3.pdf  used on input line 515.
(pdftex.def)             Requested size: 144.69072pt x 155.82077pt.
<./Bilder/Fig4.png, id=528, 771.88374pt x 509.905pt>
File: ./Bilder/Fig4.png Graphic file (type png)
<use ./Bilder/Fig4.png>
Package pdftex.def Info: ./Bilder/Fig4.png  used on input line 522.
(pdftex.def)             Requested size: 341.43192pt x 225.5493pt.
[10 <./Mitschrift_files/figure-latex/unnamed-chunk-5-1.pdf> <./Mitschrift_files/figure-latex/unnamed-chunk-5-2.pdf> <./Mitschrift_files/figure-latex/unnamed-chunk-5-3.pdf>]
<Mitschrift_files/figure-latex/unnamed-chunk-6-1.pdf, id=552, 289.08pt x 325.215pt>
File: Mitschrift_files/figure-latex/unnamed-chunk-6-1.pdf Graphic file (type pdf)
<use Mitschrift_files/figure-latex/unnamed-chunk-6-1.pdf>
Package pdftex.def Info: Mitschrift_files/figure-latex/unnamed-chunk-6-1.pdf  used on input line 557.
(pdftex.def)             Requested size: 219.22668pt x 246.63002pt.
<Mitschrift_files/figure-latex/unnamed-chunk-6-2.pdf, id=553, 289.08pt x 325.215pt>
File: Mitschrift_files/figure-latex/unnamed-chunk-6-2.pdf Graphic file (type pdf)
<use Mitschrift_files/figure-latex/unnamed-chunk-6-2.pdf>
Package pdftex.def Info: Mitschrift_files/figure-latex/unnamed-chunk-6-2.pdf  used on input line 558.
(pdftex.def)             Requested size: 219.22668pt x 246.63002pt.

Overfull \hbox (1.89632pt too wide) in paragraph at lines 557--559
[][] [] 
 []

[11 <./Bilder/fig4.png>]
<Mitschrift_files/figure-latex/unnamed-chunk-7-1.pdf, id=560, 289.08pt x 325.215pt>
File: Mitschrift_files/figure-latex/unnamed-chunk-7-1.pdf Graphic file (type pdf)
<use Mitschrift_files/figure-latex/unnamed-chunk-7-1.pdf>
Package pdftex.def Info: Mitschrift_files/figure-latex/unnamed-chunk-7-1.pdf  used on input line 569.
(pdftex.def)             Requested size: 219.22668pt x 246.63002pt.
<Mitschrift_files/figure-latex/unnamed-chunk-7-2.pdf, id=561, 289.08pt x 325.215pt>
File: Mitschrift_files/figure-latex/unnamed-chunk-7-2.pdf Graphic file (type pdf)
<use Mitschrift_files/figure-latex/unnamed-chunk-7-2.pdf>
Package pdftex.def Info: Mitschrift_files/figure-latex/unnamed-chunk-7-2.pdf  used on input line 570.
(pdftex.def)             Requested size: 219.22668pt x 246.63002pt.

Overfull \hbox (1.89632pt too wide) in paragraph at lines 569--571
[][] [] 
 []

[12 <./Mitschrift_files/figure-latex/unnamed-chunk-6-1.pdf> <./Mitschrift_files/figure-latex/unnamed-chunk-6-2.pdf> <./Mitschrift_files/figure-latex/unnamed-chunk-7-1.pdf> <./Mitschrift_files/figure-latex/unnamed-chunk-7-2.pdf>]
<Mitschrift_files/figure-latex/unnamed-chunk-14-1.pdf, id=591, 361.35pt x 216.81pt>
File: Mitschrift_files/figure-latex/unnamed-chunk-14-1.pdf Graphic file (type pdf)
<use Mitschrift_files/figure-latex/unnamed-chunk-14-1.pdf>
Package pdftex.def Info: Mitschrift_files/figure-latex/unnamed-chunk-14-1.pdf  used on input line 689.
(pdftex.def)             Requested size: 361.34912pt x 216.80946pt.
[13]
<Mitschrift_files/figure-latex/unnamed-chunk-15-1.pdf, id=600, 469.755pt x 325.215pt>
File: Mitschrift_files/figure-latex/unnamed-chunk-15-1.pdf Graphic file (type pdf)
<use Mitschrift_files/figure-latex/unnamed-chunk-15-1.pdf>
Package pdftex.def Info: Mitschrift_files/figure-latex/unnamed-chunk-15-1.pdf  used on input line 718.
(pdftex.def)             Requested size: 263.07535pt x 182.12907pt.
[14 <./Mitschrift_files/figure-latex/unnamed-chunk-14-1.pdf>]
<Mitschrift_files/figure-latex/unnamed-chunk-16-1.pdf, id=613, 469.755pt x 325.215pt>
File: Mitschrift_files/figure-latex/unnamed-chunk-16-1.pdf Graphic file (type pdf)
<use Mitschrift_files/figure-latex/unnamed-chunk-16-1.pdf>
Package pdftex.def Info: Mitschrift_files/figure-latex/unnamed-chunk-16-1.pdf  used on input line 731.
(pdftex.def)             Requested size: 328.82626pt x 227.64894pt.
[15 <./Mitschrift_files/figure-latex/unnamed-chunk-15-1.pdf>]
<Mitschrift_files/figure-latex/unnamed-chunk-17-1.pdf, id=625, 469.755pt x 216.81pt>
File: Mitschrift_files/figure-latex/unnamed-chunk-17-1.pdf Graphic file (type pdf)
<use Mitschrift_files/figure-latex/unnamed-chunk-17-1.pdf>
Package pdftex.def Info: Mitschrift_files/figure-latex/unnamed-chunk-17-1.pdf  used on input line 733.
(pdftex.def)             Requested size: 328.82626pt x 151.76596pt.
<Mitschrift_files/figure-latex/unnamed-chunk-19-1.pdf, id=626, 469.755pt x 325.215pt>
File: Mitschrift_files/figure-latex/unnamed-chunk-19-1.pdf Graphic file (type pdf)
<use Mitschrift_files/figure-latex/unnamed-chunk-19-1.pdf>
Package pdftex.def Info: Mitschrift_files/figure-latex/unnamed-chunk-19-1.pdf  used on input line 755.
(pdftex.def)             Requested size: 234.87692pt x 162.6071pt.
<Mitschrift_files/figure-latex/unnamed-chunk-19-2.pdf, id=627, 469.755pt x 325.215pt>
File: Mitschrift_files/figure-latex/unnamed-chunk-19-2.pdf Graphic file (type pdf)
<use Mitschrift_files/figure-latex/unnamed-chunk-19-2.pdf>
Package pdftex.def Info: Mitschrift_files/figure-latex/unnamed-chunk-19-2.pdf  used on input line 756.
(pdftex.def)             Requested size: 234.87692pt x 162.6071pt.

Overfull \hbox (1.89885pt too wide) in paragraph at lines 755--757
[][] [] 
 []

[16 <./Mitschrift_files/figure-latex/unnamed-chunk-16-1.pdf> <./Mitschrift_files/figure-latex/unnamed-chunk-17-1.pdf>] [17 <./Mitschrift_files/figure-latex/unnamed-chunk-19-1.pdf> <./Mitschrift_files/figure-latex/unnamed-chunk-19-2.pdf>]
<./Bilder/Fig7.png, id=662, 505.89pt x 361.35pt>
File: ./Bilder/Fig7.png Graphic file (type png)
<use ./Bilder/Fig7.png>
Package pdftex.def Info: ./Bilder/Fig7.png  used on input line 777.
(pdftex.def)             Requested size: 284.53154pt x 203.23682pt.

Underfull \hbox (badness 10000) in paragraph at lines 785--790

 []


Overfull \hbox (7.88338pt too wide) in paragraph at lines 795--800
[]\T1/ptm/m/n/10 wobei: [] 
 []


Underfull \hbox (badness 10000) in paragraph at lines 795--800

 []

<Mitschrift_files/figure-latex/unnamed-chunk-20-1.pdf, id=663, 289.08pt x 325.215pt>
File: Mitschrift_files/figure-latex/unnamed-chunk-20-1.pdf Graphic file (type pdf)
<use Mitschrift_files/figure-latex/unnamed-chunk-20-1.pdf>
Package pdftex.def Info: Mitschrift_files/figure-latex/unnamed-chunk-20-1.pdf  used on input line 815.
(pdftex.def)             Requested size: 144.6896pt x 162.77582pt.
<Mitschrift_files/figure-latex/unnamed-chunk-20-2.pdf, id=664, 289.08pt x 325.215pt>
File: Mitschrift_files/figure-latex/unnamed-chunk-20-2.pdf Graphic file (type pdf)
<use Mitschrift_files/figure-latex/unnamed-chunk-20-2.pdf>
Package pdftex.def Info: Mitschrift_files/figure-latex/unnamed-chunk-20-2.pdf  used on input line 816.
(pdftex.def)             Requested size: 144.6896pt x 162.77582pt.
<Mitschrift_files/figure-latex/unnamed-chunk-20-3.pdf, id=665, 289.08pt x 325.215pt>
File: Mitschrift_files/figure-latex/unnamed-chunk-20-3.pdf Graphic file (type pdf)
<use Mitschrift_files/figure-latex/unnamed-chunk-20-3.pdf>
Package pdftex.def Info: Mitschrift_files/figure-latex/unnamed-chunk-20-3.pdf  used on input line 817.
(pdftex.def)             Requested size: 144.6896pt x 162.77582pt.

Underfull \hbox (badness 10000) in paragraph at lines 819--823

 []


Underfull \hbox (badness 10000) in paragraph at lines 828--835

 []

[18

 <./Bilder/fig7.png>] [19 <./Mitschrift_files/figure-latex/unnamed-chunk-20-1.pdf> <./Mitschrift_files/figure-latex/unnamed-chunk-20-2.pdf> <./Mitschrift_files/figure-latex/unnamed-chunk-20-3.pdf>]
<Mitschrift_files/figure-latex/unnamed-chunk-21-1.pdf, id=696, 469.755pt x 325.215pt>
File: Mitschrift_files/figure-latex/unnamed-chunk-21-1.pdf Graphic file (type pdf)
<use Mitschrift_files/figure-latex/unnamed-chunk-21-1.pdf>
Package pdftex.def Info: Mitschrift_files/figure-latex/unnamed-chunk-21-1.pdf  used on input line 883.
(pdftex.def)             Requested size: 469.75386pt x 325.2142pt.
[20

 <./Mitschrift_files/figure-latex/unnamed-chunk-21-1.pdf>]
<Mitschrift_files/figure-latex/unnamed-chunk-22-1.pdf, id=708, 469.755pt x 325.215pt>
File: Mitschrift_files/figure-latex/unnamed-chunk-22-1.pdf Graphic file (type pdf)
<use Mitschrift_files/figure-latex/unnamed-chunk-22-1.pdf>
Package pdftex.def Info: Mitschrift_files/figure-latex/unnamed-chunk-22-1.pdf  used on input line 902.
(pdftex.def)             Requested size: 469.75386pt x 325.2142pt.
[21 <./Mitschrift_files/figure-latex/unnamed-chunk-22-1.pdf>]
LaTeX Font Info:    Trying to load font information for TS1+lmtt on input line 908.
(/home/ubuntu/.TinyTeX/texmf-dist/tex/latex/lm/ts1lmtt.fd
File: ts1lmtt.fd 2015/05/01 v1.6.1 Font defs for Latin Modern
)
<Mitschrift_files/figure-latex/unnamed-chunk-24-1.pdf, id=718, 469.755pt x 325.215pt>
File: Mitschrift_files/figure-latex/unnamed-chunk-24-1.pdf Graphic file (type pdf)
<use Mitschrift_files/figure-latex/unnamed-chunk-24-1.pdf>
Package pdftex.def Info: Mitschrift_files/figure-latex/unnamed-chunk-24-1.pdf  used on input line 956.
(pdftex.def)             Requested size: 469.75386pt x 325.2142pt.
[22

{/home/ubuntu/.TinyTeX/texmf-dist/fonts/enc/dvips/lm/lm-ts1.enc}] [23 <./Mitschrift_files/figure-latex/unnamed-chunk-24-1.pdf>] [24

]
<Mitschrift_files/figure-latex/unnamed-chunk-27-1.pdf, id=737, 433.62pt x 433.62pt>
File: Mitschrift_files/figure-latex/unnamed-chunk-27-1.pdf Graphic file (type pdf)
<use Mitschrift_files/figure-latex/unnamed-chunk-27-1.pdf>
Package pdftex.def Info: Mitschrift_files/figure-latex/unnamed-chunk-27-1.pdf  used on input line 1040.
(pdftex.def)             Requested size: 433.63878pt x 433.63878pt.
[25 <./Mitschrift_files/figure-latex/unnamed-chunk-27-1.pdf>]
Underfull \hbox (badness 10000) in paragraph at lines 1065--1071

 []


LaTeX Warning: Command \" invalid in math mode on input line 1080.

Missing character: There is no  in font zptmcm7t!

LaTeX Warning: Command \" invalid in math mode on input line 1083.

Missing character: There is no  in font zptmcm7t!

Underfull \hbox (badness 10000) in paragraph at lines 1082--1087

 []

<./Bilder/Fig8.png, id=748, 561.89925pt x 328.8285pt>
File: ./Bilder/Fig8.png Graphic file (type png)
<use ./Bilder/Fig8.png>
Package pdftex.def Info: ./Bilder/Fig8.png  used on input line 1122.
(pdftex.def)             Requested size: 426.8078pt x 249.77176pt.
[26

]
<./Bilder/Fig9.png, id=755, 513.117pt x 62.03175pt>
File: ./Bilder/Fig9.png Graphic file (type png)
<use ./Bilder/Fig9.png>
Package pdftex.def Info: ./Bilder/Fig9.png  used on input line 1131.
(pdftex.def)             Requested size: 284.53276pt x 34.39772pt.

Underfull \hbox (badness 10000) in paragraph at lines 1133--1137

 []

<./Bilder/Fig10.png, id=756, 437.83575pt x 297.5115pt>
File: ./Bilder/Fig10.png Graphic file (type png)
<use ./Bilder/Fig10.png>
Package pdftex.def Info: ./Bilder/Fig10.png  used on input line 1161.
(pdftex.def)             Requested size: 284.53642pt x 193.34386pt.
[27 <./Bilder/fig8.png> <./Bilder/fig9.png>] [28 <./Bilder/fig10.png>]
<./Bilder/Fig11.png, id=774, 392.06474pt x 169.23225pt>
File: ./Bilder/Fig11.png Graphic file (type png)
<use ./Bilder/Fig11.png>
Package pdftex.def Info: ./Bilder/Fig11.png  used on input line 1241.
(pdftex.def)             Requested size: 284.52382pt x 122.8129pt.
[29 <./Bilder/fig11.png>]
<./Bilder/Fig5.jpg, id=780, 581.17125pt x 389.65575pt>
File: ./Bilder/Fig5.jpg Graphic file (type jpg)
<use ./Bilder/Fig5.jpg>
Package pdftex.def Info: ./Bilder/Fig5.jpg  used on input line 1272.
(pdftex.def)             Requested size: 341.43372pt x 228.9198pt.
[30

 <./Bilder/fig5.jpg>]
Underfull \hbox (badness 10000) in paragraph at lines 1318--1321

 []

[31

]
<./Bilder/Fig6.png, id=797, 549.55313pt x 451.6875pt>
File: ./Bilder/Fig6.png Graphic file (type png)
<use ./Bilder/Fig6.png>
Package pdftex.def Info: ./Bilder/Fig6.png  used on input line 1340.
(pdftex.def)             Requested size: 341.44057pt x 280.63608pt.
[32

 <./Bilder/fig6.png>]
Underfull \hbox (badness 10000) in paragraph at lines 1365--1367

 []


Underfull \hbox (badness 10000) in paragraph at lines 1367--1369

 []


Underfull \hbox (badness 10000) in paragraph at lines 1369--1371

 []


Underfull \hbox (badness 10000) in paragraph at lines 1379--1381

 []

<./Bilder/Fig12.png, id=805, 549.05125pt x 331.2375pt>
File: ./Bilder/Fig12.png Graphic file (type png)
<use ./Bilder/Fig12.png>
Package pdftex.def Info: ./Bilder/Fig12.png  used on input line 1412.
(pdftex.def)             Requested size: 341.43874pt x 205.98679pt.
[33

]
<./Bilder/Fig13.png, id=814, 648.4225pt x 351.3125pt>
File: ./Bilder/Fig13.png Graphic file (type png)
<use ./Bilder/Fig13.png>
Package pdftex.def Info: ./Bilder/Fig13.png  used on input line 1440.
(pdftex.def)             Requested size: 341.43611pt x 184.9886pt.
[34 <./Bilder/fig12.png> <./Bilder/fig13.png>]
<./Bilder/Fig14.jpg, id=825, 959.585pt x 558.085pt>
File: ./Bilder/Fig14.jpg Graphic file (type jpg)
<use ./Bilder/Fig14.jpg>
Package pdftex.def Info: ./Bilder/Fig14.jpg  used on input line 1465.
(pdftex.def)             Requested size: 341.4384pt x 198.57715pt.
<./Bilder/Fig15.jpg, id=826, 877.2775pt x 622.325pt>
File: ./Bilder/Fig15.jpg Graphic file (type jpg)
<use ./Bilder/Fig15.jpg>
Package pdftex.def Info: ./Bilder/Fig15.jpg  used on input line 1467.
(pdftex.def)             Requested size: 341.44077pt x 242.21198pt.
[35 <./Bilder/fig14.jpg> <./Bilder/fig15.jpg>] [36


] [37] [38] [39] [40] [41] [42] [43] [44] [45] [46] (./Mitschrift.aux)
 ***********
LaTeX2e <2023-06-01> patch level 1
L3 programming layer <2023-08-29>
 ***********
Package rerunfilecheck Info: File `Mitschrift.out' has not changed.
(rerunfilecheck)             Checksum: D6789E30C07F40446D1E37DE5EE85DE6;12868.
 ) 
Here is how much of TeX's memory you used:
 30743 strings out of 476888
 617404 string characters out of 5808652
 1936791 words of memory out of 5000000
 51255 multiletter control sequences out of 15000+600000
 613183 words of font info for 129 fonts, out of 8000000 for 9000
 14 hyphenation exceptions out of 8191
 93i,13n,99p,543b,531s stack positions out of 10000i,1000n,20000p,200000b,200000s
</home/ubuntu/.TinyTeX/texmf-dist/fonts/type1/public/amsfonts/cm/cmex10.pfb></home/ubuntu/.TinyTeX/texmf-dist/fonts/type1/public/amsfonts/cm/cmmi10.pfb></home/ubuntu/.TinyTeX/texmf-dist/fonts/type1/public/amsfonts/cm/cmr10.pfb></home/ubuntu/.TinyTeX/texmf-dist/fonts/type1/public/amsfonts/cm/cmsy10.pfb></home/ubuntu/.TinyTeX/texmf-dist/fonts/type1/public/lm/lmtk10.pfb></home/ubuntu/.TinyTeX/texmf-dist/fonts/type1/public/lm/lmtt10.pfb></home/ubuntu/.TinyTeX/texmf-dist/fonts/type1/public/lm/lmtti10.pfb></home/ubuntu/.TinyTeX/texmf-dist/fonts/type1/urw/symbol/usyr.pfb></home/ubuntu/.TinyTeX/texmf-dist/fonts/type1/urw/symbol/usyr.pfb></home/ubuntu/.TinyTeX/texmf-dist/fonts/type1/urw/times/utmb8a.pfb></home/ubuntu/.TinyTeX/texmf-dist/fonts/type1/urw/times/utmr8a.pfb></home/ubuntu/.TinyTeX/texmf-dist/fonts/type1/urw/times/utmri8a.pfb>
Output written on Mitschrift.pdf (46 pages, 1973811 bytes).
PDF statistics:
 1020 PDF objects out of 1200 (max. 8388607)
 843 compressed objects within 9 object streams
 213 named destinations out of 1000 (max. 500000)
 958 words of extra memory for PDF output out of 10000 (max. 10000000)

